<?xml version="1.0" encoding="UTF-8"?>
<!-- Generated by org.testng.reporters.JUnitReportReporter -->
<<<<<<< HEAD
<testsuite hostname="DESKTOP-698M7S2" failures="0" tests="2" name="practice.Add_To_Cart" time="0.007" errors="0" timestamp="2022-09-13T14:51:09 IST" skipped="0">
=======
<testsuite hostname="DESKTOP-698M7S2" failures="0" tests="2" name="practice.Add_To_Cart" time="0.007" errors="0" timestamp="2022-09-13T14:46:36 IST" skipped="0">
>>>>>>> branch 'master' of https://github.com/Viratk18/QspCartAutomation.git
  <testcase classname="practice.Add_To_Cart" name="Addingcart" time="0.006"/>
  <system-out/>
  <testcase classname="practice.Add_To_Cart" name="removeFromCarttest" time="0.001"/>
  <system-out/>
</testsuite> <!-- practice.Add_To_Cart -->
