<?xml version="1.0" encoding="UTF-8"?>
<!-- Generated by org.testng.reporters.JUnitReportReporter -->
<testsuite hostname="DESKTOP-698M7S2" failures="0" tests="1" name="practice.Add_To_Cart" time="0.011" errors="0" timestamp="2022-09-13T11:19:37 IST" skipped="0">
  <testcase classname="practice.Add_To_Cart" name="Addingcart" time="0.011"/>
  <system-out/>
</testsuite> <!-- practice.Add_To_Cart -->
